[ 2017-07-21T14:18:21+08:00 ] 127.0.0.1 /
WARN: SQLSTATE[HY000] [1045] Access denied for user 'root'@'localhost' (using password: YES)
[ 2017-07-21T14:18:21+08:00 ] 127.0.0.1 /
WARN: E:\phpStudy\WWW\yiwanshu\ThinkPHP\Library\Think\Db\Driver.class.php---109
[ 2017-07-21T14:18:21+08:00 ] 127.0.0.1 /
INFO: [ app_init ] --START--
INFO: Run Behavior\BuildLiteBehavior [ RunTime:0.000000s ]
INFO: [ app_init ] --END-- [ RunTime:0.000000s ]
NOTIC: [8] Undefined offset: 1 E:\phpStudy\WWW\yiwanshu\ThinkPHP\Library\Think\Dispatcher.class.php 第 71 行.
INFO: [ app_begin ] --START--
INFO: Run Behavior\ReadHtmlCacheBehavior [ RunTime:0.000000s ]
INFO: [ app_begin ] --END-- [ RunTime:0.000000s ]
INFO: [ action_begin ] --START--
INFO: Run Common\Behavior\InitHookBehavior [ RunTime:0.002000s ]
INFO: [ action_begin ] --END-- [ RunTime:0.002000s ]
ERR: SQLSTATE[HY000] [1045] Access denied for user 'root'@'localhost' (using password: YES)

[ 2017-07-21T14:18:49+08:00 ] 127.0.0.1 /
WARN: SQLSTATE[HY000] [1045] Access denied for user 'root'@'localhost' (using password: YES)
[ 2017-07-21T14:18:49+08:00 ] 127.0.0.1 /
WARN: E:\phpStudy\WWW\yiwanshu\ThinkPHP\Library\Think\Db\Driver.class.php---109
[ 2017-07-21T14:18:49+08:00 ] 127.0.0.1 /
INFO: [ app_init ] --START--
INFO: Run Behavior\BuildLiteBehavior [ RunTime:0.000000s ]
INFO: [ app_init ] --END-- [ RunTime:0.000000s ]
NOTIC: [8] Undefined offset: 1 E:\phpStudy\WWW\yiwanshu\ThinkPHP\Library\Think\Dispatcher.class.php 第 71 行.
INFO: [ app_begin ] --START--
INFO: Run Behavior\ReadHtmlCacheBehavior [ RunTime:0.000000s ]
INFO: [ app_begin ] --END-- [ RunTime:0.000000s ]
INFO: [ action_begin ] --START--
ERR: SQLSTATE[HY000] [1045] Access denied for user 'root'@'localhost' (using password: YES)

[ 2017-07-21T14:18:49+08:00 ] 127.0.0.1 /
WARN: SQLSTATE[HY000] [1045] Access denied for user 'root'@'localhost' (using password: YES)
[ 2017-07-21T14:18:49+08:00 ] 127.0.0.1 /
WARN: E:\phpStudy\WWW\yiwanshu\ThinkPHP\Library\Think\Db\Driver.class.php---109
[ 2017-07-21T14:18:49+08:00 ] 127.0.0.1 /
INFO: [ app_init ] --START--
INFO: Run Behavior\BuildLiteBehavior [ RunTime:0.000000s ]
INFO: [ app_init ] --END-- [ RunTime:0.001000s ]
NOTIC: [8] Undefined offset: 1 E:\phpStudy\WWW\yiwanshu\ThinkPHP\Library\Think\Dispatcher.class.php 第 71 行.
INFO: [ app_begin ] --START--
INFO: Run Behavior\ReadHtmlCacheBehavior [ RunTime:0.001000s ]
INFO: [ app_begin ] --END-- [ RunTime:0.001000s ]
INFO: [ action_begin ] --START--
ERR: SQLSTATE[HY000] [1045] Access denied for user 'root'@'localhost' (using password: YES)

[ 2017-07-21T14:18:57+08:00 ] 127.0.0.1 /
WARN: SQLSTATE[HY000] [1045] Access denied for user 'root'@'localhost' (using password: YES)
[ 2017-07-21T14:18:57+08:00 ] 127.0.0.1 /
WARN: E:\phpStudy\WWW\yiwanshu\ThinkPHP\Library\Think\Db\Driver.class.php---109
[ 2017-07-21T14:18:57+08:00 ] 127.0.0.1 /
INFO: [ app_init ] --START--
INFO: Run Behavior\BuildLiteBehavior [ RunTime:0.000000s ]
INFO: [ app_init ] --END-- [ RunTime:0.000000s ]
NOTIC: [8] Undefined offset: 1 E:\phpStudy\WWW\yiwanshu\ThinkPHP\Library\Think\Dispatcher.class.php 第 71 行.
INFO: [ app_begin ] --START--
INFO: Run Behavior\ReadHtmlCacheBehavior [ RunTime:0.001000s ]
INFO: [ app_begin ] --END-- [ RunTime:0.001000s ]
INFO: [ action_begin ] --START--
ERR: SQLSTATE[HY000] [1045] Access denied for user 'root'@'localhost' (using password: YES)

